<?xml version="1.0" encoding="UTF-8"?>
<!-- Generated by org.testng.reporters.JUnitXMLReporter -->
<testsuite ignored="0" hostname="C" failures="0" tests="3" name="Surefire test" time="0.107" errors="0" timestamp="2026-01-02T16:19:11 IST">
  <testcase classname="githubpractice.GithubPracticeTest" name="githubPracticeTest" time="0.02"/>
  <testcase classname="jenkinspractice.JenkinsPracticeTest" name="jenkinsPracticeTest" time="0.0"/>
  <testcase classname="mavenpractice.MavenPracticeTest" name="mavenPractiveTest" time="0.0"/>
</testsuite> <!-- Surefire test -->
