<?xml version="1.0" encoding="UTF-8"?>
<!-- Generated by org.testng.reporters.JUnitXMLReporter -->
<testsuite ignored="0" hostname="C" failures="0" tests="3" name="Test" time="0.092" errors="0" timestamp="2025-12-31T18:14:03 IST">
  <testcase classname="githubpractice.GithubPracticeTest" name="githubPracticeTest" time="0.015"/>
  <testcase classname="jenkinspractice.JenkinsPracticeTest" name="jenkinsPracticeTest" time="0.0"/>
  <testcase classname="mavenpractice.MavenPracticeTest" name="mavenPractiveTest" time="0.005"/>
</testsuite> <!-- Test -->
