<?xml version="1.0" encoding="UTF-8"?>
<testng-results ignored="0" total="3" passed="3" failed="0" skipped="0">
  <reporter-output>
  </reporter-output>
  <suite started-at="2026-01-02T16:19:10 IST" name="Surefire suite" finished-at="2026-01-02T16:19:11 IST" duration-ms="107">
    <groups>
    </groups>
    <test started-at="2026-01-02T16:19:10 IST" name="Surefire test" finished-at="2026-01-02T16:19:11 IST" duration-ms="107">
      <class name="jenkinspractice.JenkinsPracticeTest">
        <test-method signature="jenkinsPracticeTest()[pri:0, instance:jenkinspractice.JenkinsPracticeTest@7ea37dbf]" started-at="2026-01-02T16:19:11 IST" name="jenkinsPracticeTest" finished-at="2026-01-02T16:19:11 IST" duration-ms="0" status="PASS">
          <reporter-output>
          </reporter-output>
        </test-method> <!-- jenkinsPracticeTest -->
      </class> <!-- jenkinspractice.JenkinsPracticeTest -->
      <class name="mavenpractice.MavenPracticeTest">
        <test-method signature="mavenPractiveTest()[pri:0, instance:mavenpractice.MavenPracticeTest@4b44655e]" started-at="2026-01-02T16:19:11 IST" name="mavenPractiveTest" finished-at="2026-01-02T16:19:11 IST" duration-ms="0" status="PASS">
          <reporter-output>
          </reporter-output>
        </test-method> <!-- mavenPractiveTest -->
      </class> <!-- mavenpractice.MavenPracticeTest -->
      <class name="githubpractice.GithubPracticeTest">
        <test-method signature="githubPracticeTest()[pri:0, instance:githubpractice.GithubPracticeTest@1460a8c0]" started-at="2026-01-02T16:19:10 IST" name="githubPracticeTest" finished-at="2026-01-02T16:19:10 IST" duration-ms="20" status="PASS">
          <reporter-output>
          </reporter-output>
        </test-method> <!-- githubPracticeTest -->
      </class> <!-- githubpractice.GithubPracticeTest -->
    </test> <!-- Surefire test -->
  </suite> <!-- Surefire suite -->
</testng-results>
