<?xml version="1.0" encoding="UTF-8"?>
<testsuite xmlns:xsi="http://www.w3.org/2001/XMLSchema-instance" xsi:noNamespaceSchemaLocation="https://maven.apache.org/surefire/maven-surefire-plugin/xsd/surefire-test-report-3.0.xsd" version="3.0" name="TestSuite" time="0.679" tests="3" errors="0" skipped="0" failures="0">
  <properties>
[...]
</properties>
  <testcase name="githubPracticeTest" classname="githubpractice.GithubPracticeTest" time="0.04">
    <system-out><![CDATA[hii github
gowtham
]]></system-out>
  </testcase>
  <testcase name="jenkinsPracticeTest" classname="jenkinspractice.JenkinsPracticeTest" time="0.053">
    <system-out><![CDATA[hii jenkins
]]></system-out>
  </testcase>
  <testcase name="mavenPractiveTest" classname="mavenpractice.MavenPracticeTest" time="0.023">
    <system-out><![CDATA[hi maven
]]></system-out>
  </testcase>
</testsuite>